  复制了 1 个文件
  复制了 2 个文件
  复制了 2 个文件
  复制了 2 个文件
  复制了 2 个文件
  复制了 3 个文件
  复制了 1 个文件
  复制了 2 个文件
  复制了 2 个文件
  复制了 2 个文件
  复制了 2 个文件
  复制了 2 个文件
  复制了 2 个文件
  复制了 6 个文件
  复制了 2 个文件
  复制了 2 个文件
  复制了 2 个文件
  复制了 4 个文件
libtiff-2015.lib(tif_win32.obj) : warning LNK4075: 忽略“/EDITANDCONTINUE”(由于“/OPT:LBR”规范)
  libchipmunk-2015.lib(chipmunk.obj) : 找到 MSIL .netmodule 或使用 /GL 编译的模块；正在使用 /LTCG 重新启动链接；将 /LTCG 添加到链接命令行以改进链接器性能
libtiff-2015.lib(tif_win32.obj) : warning LNK4075: 忽略“/EDITANDCONTINUE”(由于“/OPT:LBR”规范)
    正在创建库 D:\myProject\3D\cocos2d-x-3D\frameworks\runtime-src\proj.win32\Debug.win32\libcocos2d.lib 和对象 D:\myProject\3D\cocos2d-x-3D\frameworks\runtime-src\proj.win32\Debug.win32\libcocos2d.exp
LINK : warning LNK4098: 默认库“LIBCMT”与其他库的使用冲突；请使用 /NODEFAULTLIB:library
LINK : warning LNK4098: 默认库“MSVCRT”与其他库的使用冲突；请使用 /NODEFAULTLIB:library
  正在生成代码
  已完成代码的生成
libchipmunk-2015.lib(chipmunk.obj) : warning LNK4099: 未找到 PDB“chipmunk.pdb”(使用“libchipmunk-2015.lib(chipmunk.obj)”或在“D:\myProject\3D\cocos2d-x-3D\frameworks\runtime-src\proj.win32\Debug.win32\chipmunk.pdb”中寻找)；正在链接对象，如同没有调试信息一样
libchipmunk-2015.lib(cpBody.obj) : warning LNK4099: 未找到 PDB“chipmunk.pdb”(使用“libchipmunk-2015.lib(cpBody.obj)”或在“D:\myProject\3D\cocos2d-x-3D\frameworks\runtime-src\proj.win32\Debug.win32\chipmunk.pdb”中寻找)；正在链接对象，如同没有调试信息一样
libchipmunk-2015.lib(cpShape.obj) : warning LNK4099: 未找到 PDB“chipmunk.pdb”(使用“libchipmunk-2015.lib(cpShape.obj)”或在“D:\myProject\3D\cocos2d-x-3D\frameworks\runtime-src\proj.win32\Debug.win32\chipmunk.pdb”中寻找)；正在链接对象，如同没有调试信息一样
libchipmunk-2015.lib(cpConstraint.obj) : warning LNK4099: 未找到 PDB“chipmunk.pdb”(使用“libchipmunk-2015.lib(cpConstraint.obj)”或在“D:\myProject\3D\cocos2d-x-3D\frameworks\runtime-src\proj.win32\Debug.win32\chipmunk.pdb”中寻找)；正在链接对象，如同没有调试信息一样
libchipmunk-2015.lib(cpPinJoint.obj) : warning LNK4099: 未找到 PDB“chipmunk.pdb”(使用“libchipmunk-2015.lib(cpPinJoint.obj)”或在“D:\myProject\3D\cocos2d-x-3D\frameworks\runtime-src\proj.win32\Debug.win32\chipmunk.pdb”中寻找)；正在链接对象，如同没有调试信息一样
libchipmunk-2015.lib(cpSlideJoint.obj) : warning LNK4099: 未找到 PDB“chipmunk.pdb”(使用“libchipmunk-2015.lib(cpSlideJoint.obj)”或在“D:\myProject\3D\cocos2d-x-3D\frameworks\runtime-src\proj.win32\Debug.win32\chipmunk.pdb”中寻找)；正在链接对象，如同没有调试信息一样
libchipmunk-2015.lib(cpPivotJoint.obj) : warning LNK4099: 未找到 PDB“chipmunk.pdb”(使用“libchipmunk-2015.lib(cpPivotJoint.obj)”或在“D:\myProject\3D\cocos2d-x-3D\frameworks\runtime-src\proj.win32\Debug.win32\chipmunk.pdb”中寻找)；正在链接对象，如同没有调试信息一样
libchipmunk-2015.lib(cpGrooveJoint.obj) : warning LNK4099: 未找到 PDB“chipmunk.pdb”(使用“libchipmunk-2015.lib(cpGrooveJoint.obj)”或在“D:\myProject\3D\cocos2d-x-3D\frameworks\runtime-src\proj.win32\Debug.win32\chipmunk.pdb”中寻找)；正在链接对象，如同没有调试信息一样
libchipmunk-2015.lib(cpDampedSpring.obj) : warning LNK4099: 未找到 PDB“chipmunk.pdb”(使用“libchipmunk-2015.lib(cpDampedSpring.obj)”或在“D:\myProject\3D\cocos2d-x-3D\frameworks\runtime-src\proj.win32\Debug.win32\chipmunk.pdb”中寻找)；正在链接对象，如同没有调试信息一样
libchipmunk-2015.lib(cpSpace.obj) : warning LNK4099: 未找到 PDB“chipmunk.pdb”(使用“libchipmunk-2015.lib(cpSpace.obj)”或在“D:\myProject\3D\cocos2d-x-3D\frameworks\runtime-src\proj.win32\Debug.win32\chipmunk.pdb”中寻找)；正在链接对象，如同没有调试信息一样
libchipmunk-2015.lib(cpSpaceComponent.obj) : warning LNK4099: 未找到 PDB“chipmunk.pdb”(使用“libchipmunk-2015.lib(cpSpaceComponent.obj)”或在“D:\myProject\3D\cocos2d-x-3D\frameworks\runtime-src\proj.win32\Debug.win32\chipmunk.pdb”中寻找)；正在链接对象，如同没有调试信息一样
libchipmunk-2015.lib(cpArbiter.obj) : warning LNK4099: 未找到 PDB“chipmunk.pdb”(使用“libchipmunk-2015.lib(cpArbiter.obj)”或在“D:\myProject\3D\cocos2d-x-3D\frameworks\runtime-src\proj.win32\Debug.win32\chipmunk.pdb”中寻找)；正在链接对象，如同没有调试信息一样
libchipmunk-2015.lib(cpDampedRotarySpring.obj) : warning LNK4099: 未找到 PDB“chipmunk.pdb”(使用“libchipmunk-2015.lib(cpDampedRotarySpring.obj)”或在“D:\myProject\3D\cocos2d-x-3D\frameworks\runtime-src\proj.win32\Debug.win32\chipmunk.pdb”中寻找)；正在链接对象，如同没有调试信息一样
libchipmunk-2015.lib(cpRotaryLimitJoint.obj) : warning LNK4099: 未找到 PDB“chipmunk.pdb”(使用“libchipmunk-2015.lib(cpRotaryLimitJoint.obj)”或在“D:\myProject\3D\cocos2d-x-3D\frameworks\runtime-src\proj.win32\Debug.win32\chipmunk.pdb”中寻找)；正在链接对象，如同没有调试信息一样
libchipmunk-2015.lib(cpRatchetJoint.obj) : warning LNK4099: 未找到 PDB“chipmunk.pdb”(使用“libchipmunk-2015.lib(cpRatchetJoint.obj)”或在“D:\myProject\3D\cocos2d-x-3D\frameworks\runtime-src\proj.win32\Debug.win32\chipmunk.pdb”中寻找)；正在链接对象，如同没有调试信息一样
libchipmunk-2015.lib(cpGearJoint.obj) : warning LNK4099: 未找到 PDB“chipmunk.pdb”(使用“libchipmunk-2015.lib(cpGearJoint.obj)”或在“D:\myProject\3D\cocos2d-x-3D\frameworks\runtime-src\proj.win32\Debug.win32\chipmunk.pdb”中寻找)；正在链接对象，如同没有调试信息一样
libchipmunk-2015.lib(cpSimpleMotor.obj) : warning LNK4099: 未找到 PDB“chipmunk.pdb”(使用“libchipmunk-2015.lib(cpSimpleMotor.obj)”或在“D:\myProject\3D\cocos2d-x-3D\frameworks\runtime-src\proj.win32\Debug.win32\chipmunk.pdb”中寻找)；正在链接对象，如同没有调试信息一样
libchipmunk-2015.lib(cpPolyShape.obj) : warning LNK4099: 未找到 PDB“chipmunk.pdb”(使用“libchipmunk-2015.lib(cpPolyShape.obj)”或在“D:\myProject\3D\cocos2d-x-3D\frameworks\runtime-src\proj.win32\Debug.win32\chipmunk.pdb”中寻找)；正在链接对象，如同没有调试信息一样
libchipmunk-2015.lib(cpSpaceQuery.obj) : warning LNK4099: 未找到 PDB“chipmunk.pdb”(使用“libchipmunk-2015.lib(cpSpaceQuery.obj)”或在“D:\myProject\3D\cocos2d-x-3D\frameworks\runtime-src\proj.win32\Debug.win32\chipmunk.pdb”中寻找)；正在链接对象，如同没有调试信息一样
libchipmunk-2015.lib(cpSpaceStep.obj) : warning LNK4099: 未找到 PDB“chipmunk.pdb”(使用“libchipmunk-2015.lib(cpSpaceStep.obj)”或在“D:\myProject\3D\cocos2d-x-3D\frameworks\runtime-src\proj.win32\Debug.win32\chipmunk.pdb”中寻找)；正在链接对象，如同没有调试信息一样
libchipmunk-2015.lib(cpSpaceDebug.obj) : warning LNK4099: 未找到 PDB“chipmunk.pdb”(使用“libchipmunk-2015.lib(cpSpaceDebug.obj)”或在“D:\myProject\3D\cocos2d-x-3D\frameworks\runtime-src\proj.win32\Debug.win32\chipmunk.pdb”中寻找)；正在链接对象，如同没有调试信息一样
libchipmunk-2015.lib(cpArray.obj) : warning LNK4099: 未找到 PDB“chipmunk.pdb”(使用“libchipmunk-2015.lib(cpArray.obj)”或在“D:\myProject\3D\cocos2d-x-3D\frameworks\runtime-src\proj.win32\Debug.win32\chipmunk.pdb”中寻找)；正在链接对象，如同没有调试信息一样
libchipmunk-2015.lib(cpCollision.obj) : warning LNK4099: 未找到 PDB“chipmunk.pdb”(使用“libchipmunk-2015.lib(cpCollision.obj)”或在“D:\myProject\3D\cocos2d-x-3D\frameworks\runtime-src\proj.win32\Debug.win32\chipmunk.pdb”中寻找)；正在链接对象，如同没有调试信息一样
libchipmunk-2015.lib(cpHashSet.obj) : warning LNK4099: 未找到 PDB“chipmunk.pdb”(使用“libchipmunk-2015.lib(cpHashSet.obj)”或在“D:\myProject\3D\cocos2d-x-3D\frameworks\runtime-src\proj.win32\Debug.win32\chipmunk.pdb”中寻找)；正在链接对象，如同没有调试信息一样
libchipmunk-2015.lib(cpBBTree.obj) : warning LNK4099: 未找到 PDB“chipmunk.pdb”(使用“libchipmunk-2015.lib(cpBBTree.obj)”或在“D:\myProject\3D\cocos2d-x-3D\frameworks\runtime-src\proj.win32\Debug.win32\chipmunk.pdb”中寻找)；正在链接对象，如同没有调试信息一样
libchipmunk-2015.lib(cpSpaceHash.obj) : warning LNK4099: 未找到 PDB“chipmunk.pdb”(使用“libchipmunk-2015.lib(cpSpaceHash.obj)”或在“D:\myProject\3D\cocos2d-x-3D\frameworks\runtime-src\proj.win32\Debug.win32\chipmunk.pdb”中寻找)；正在链接对象，如同没有调试信息一样
libchipmunk-2015.lib(cpSpatialIndex.obj) : warning LNK4099: 未找到 PDB“chipmunk.pdb”(使用“libchipmunk-2015.lib(cpSpatialIndex.obj)”或在“D:\myProject\3D\cocos2d-x-3D\frameworks\runtime-src\proj.win32\Debug.win32\chipmunk.pdb”中寻找)；正在链接对象，如同没有调试信息一样
libchipmunk-2015.lib(cpRobust.obj) : warning LNK4099: 未找到 PDB“chipmunk.pdb”(使用“libchipmunk-2015.lib(cpRobust.obj)”或在“D:\myProject\3D\cocos2d-x-3D\frameworks\runtime-src\proj.win32\Debug.win32\chipmunk.pdb”中寻找)；正在链接对象，如同没有调试信息一样
libtiff-2015.lib(tif_aux.obj) : warning LNK4204: “D:\myProject\3D\cocos2d-x-3D\frameworks\runtime-src\proj.win32\Debug.win32\vc140.pdb”缺少引用模块的调试信息；正在链接对象，如同没有调试信息一样
libtiff-2015.lib(tif_close.obj) : warning LNK4204: “D:\myProject\3D\cocos2d-x-3D\frameworks\runtime-src\proj.win32\Debug.win32\vc140.pdb”缺少引用模块的调试信息；正在链接对象，如同没有调试信息一样
libtiff-2015.lib(tif_codec.obj) : warning LNK4204: “D:\myProject\3D\cocos2d-x-3D\frameworks\runtime-src\proj.win32\Debug.win32\vc140.pdb”缺少引用模块的调试信息；正在链接对象，如同没有调试信息一样
libtiff-2015.lib(tif_color.obj) : warning LNK4204: “D:\myProject\3D\cocos2d-x-3D\frameworks\runtime-src\proj.win32\Debug.win32\vc140.pdb”缺少引用模块的调试信息；正在链接对象，如同没有调试信息一样
libtiff-2015.lib(tif_compress.obj) : warning LNK4204: “D:\myProject\3D\cocos2d-x-3D\frameworks\runtime-src\proj.win32\Debug.win32\vc140.pdb”缺少引用模块的调试信息；正在链接对象，如同没有调试信息一样
libtiff-2015.lib(tif_dir.obj) : warning LNK4204: “D:\myProject\3D\cocos2d-x-3D\frameworks\runtime-src\proj.win32\Debug.win32\vc140.pdb”缺少引用模块的调试信息；正在链接对象，如同没有调试信息一样
libtiff-2015.lib(tif_dirinfo.obj) : warning LNK4204: “D:\myProject\3D\cocos2d-x-3D\frameworks\runtime-src\proj.win32\Debug.win32\vc140.pdb”缺少引用模块的调试信息；正在链接对象，如同没有调试信息一样
libtiff-2015.lib(tif_dirread.obj) : warning LNK4204: “D:\myProject\3D\cocos2d-x-3D\frameworks\runtime-src\proj.win32\Debug.win32\vc140.pdb”缺少引用模块的调试信息；正在链接对象，如同没有调试信息一样
libtiff-2015.lib(tif_dirwrite.obj) : warning LNK4204: “D:\myProject\3D\cocos2d-x-3D\frameworks\runtime-src\proj.win32\Debug.win32\vc140.pdb”缺少引用模块的调试信息；正在链接对象，如同没有调试信息一样
libtiff-2015.lib(tif_dumpmode.obj) : warning LNK4204: “D:\myProject\3D\cocos2d-x-3D\frameworks\runtime-src\proj.win32\Debug.win32\vc140.pdb”缺少引用模块的调试信息；正在链接对象，如同没有调试信息一样
libtiff-2015.lib(tif_error.obj) : warning LNK4204: “D:\myProject\3D\cocos2d-x-3D\frameworks\runtime-src\proj.win32\Debug.win32\vc140.pdb”缺少引用模块的调试信息；正在链接对象，如同没有调试信息一样
libtiff-2015.lib(tif_fax3.obj) : warning LNK4204: “D:\myProject\3D\cocos2d-x-3D\frameworks\runtime-src\proj.win32\Debug.win32\vc140.pdb”缺少引用模块的调试信息；正在链接对象，如同没有调试信息一样
libtiff-2015.lib(tif_fax3sm.obj) : warning LNK4204: “D:\myProject\3D\cocos2d-x-3D\frameworks\runtime-src\proj.win32\Debug.win32\vc140.pdb”缺少引用模块的调试信息；正在链接对象，如同没有调试信息一样
libtiff-2015.lib(tif_getimage.obj) : warning LNK4204: “D:\myProject\3D\cocos2d-x-3D\frameworks\runtime-src\proj.win32\Debug.win32\vc140.pdb”缺少引用模块的调试信息；正在链接对象，如同没有调试信息一样
libtiff-2015.lib(tif_flush.obj) : warning LNK4204: “D:\myProject\3D\cocos2d-x-3D\frameworks\runtime-src\proj.win32\Debug.win32\vc140.pdb”缺少引用模块的调试信息；正在链接对象，如同没有调试信息一样
libtiff-2015.lib(tif_luv.obj) : warning LNK4204: “D:\myProject\3D\cocos2d-x-3D\frameworks\runtime-src\proj.win32\Debug.win32\vc140.pdb”缺少引用模块的调试信息；正在链接对象，如同没有调试信息一样
libtiff-2015.lib(tif_lzw.obj) : warning LNK4204: “D:\myProject\3D\cocos2d-x-3D\frameworks\runtime-src\proj.win32\Debug.win32\vc140.pdb”缺少引用模块的调试信息；正在链接对象，如同没有调试信息一样
libtiff-2015.lib(tif_next.obj) : warning LNK4204: “D:\myProject\3D\cocos2d-x-3D\frameworks\runtime-src\proj.win32\Debug.win32\vc140.pdb”缺少引用模块的调试信息；正在链接对象，如同没有调试信息一样
libtiff-2015.lib(tif_open.obj) : warning LNK4204: “D:\myProject\3D\cocos2d-x-3D\frameworks\runtime-src\proj.win32\Debug.win32\vc140.pdb”缺少引用模块的调试信息；正在链接对象，如同没有调试信息一样
libtiff-2015.lib(tif_packbits.obj) : warning LNK4204: “D:\myProject\3D\cocos2d-x-3D\frameworks\runtime-src\proj.win32\Debug.win32\vc140.pdb”缺少引用模块的调试信息；正在链接对象，如同没有调试信息一样
libtiff-2015.lib(tif_predict.obj) : warning LNK4204: “D:\myProject\3D\cocos2d-x-3D\frameworks\runtime-src\proj.win32\Debug.win32\vc140.pdb”缺少引用模块的调试信息；正在链接对象，如同没有调试信息一样
libtiff-2015.lib(tif_read.obj) : warning LNK4204: “D:\myProject\3D\cocos2d-x-3D\frameworks\runtime-src\proj.win32\Debug.win32\vc140.pdb”缺少引用模块的调试信息；正在链接对象，如同没有调试信息一样
libtiff-2015.lib(tif_swab.obj) : warning LNK4204: “D:\myProject\3D\cocos2d-x-3D\frameworks\runtime-src\proj.win32\Debug.win32\vc140.pdb”缺少引用模块的调试信息；正在链接对象，如同没有调试信息一样
libtiff-2015.lib(tif_strip.obj) : warning LNK4204: “D:\myProject\3D\cocos2d-x-3D\frameworks\runtime-src\proj.win32\Debug.win32\vc140.pdb”缺少引用模块的调试信息；正在链接对象，如同没有调试信息一样
libtiff-2015.lib(tif_thunder.obj) : warning LNK4204: “D:\myProject\3D\cocos2d-x-3D\frameworks\runtime-src\proj.win32\Debug.win32\vc140.pdb”缺少引用模块的调试信息；正在链接对象，如同没有调试信息一样
libtiff-2015.lib(tif_tile.obj) : warning LNK4204: “D:\myProject\3D\cocos2d-x-3D\frameworks\runtime-src\proj.win32\Debug.win32\vc140.pdb”缺少引用模块的调试信息；正在链接对象，如同没有调试信息一样
libtiff-2015.lib(tif_warning.obj) : warning LNK4204: “D:\myProject\3D\cocos2d-x-3D\frameworks\runtime-src\proj.win32\Debug.win32\vc140.pdb”缺少引用模块的调试信息；正在链接对象，如同没有调试信息一样
libtiff-2015.lib(tif_write.obj) : warning LNK4204: “D:\myProject\3D\cocos2d-x-3D\frameworks\runtime-src\proj.win32\Debug.win32\vc140.pdb”缺少引用模块的调试信息；正在链接对象，如同没有调试信息一样
libtiff-2015.lib(tif_win32.obj) : warning LNK4204: “D:\myProject\3D\cocos2d-x-3D\frameworks\runtime-src\proj.win32\Debug.win32\vc140.pdb”缺少引用模块的调试信息；正在链接对象，如同没有调试信息一样
libbullet-2015.lib(btCollisionAlgorithm.obj) : warning LNK4099: 未找到 PDB“libbullet.pdb”(使用“libbullet-2015.lib(btCollisionAlgorithm.obj)”或在“D:\myProject\3D\cocos2d-x-3D\frameworks\runtime-src\proj.win32\Debug.win32\libbullet.pdb”中寻找)；正在链接对象，如同没有调试信息一样
libbullet-2015.lib(btDbvt.obj) : warning LNK4099: 未找到 PDB“libbullet.pdb”(使用“libbullet-2015.lib(btDbvt.obj)”或在“D:\myProject\3D\cocos2d-x-3D\frameworks\runtime-src\proj.win32\Debug.win32\libbullet.pdb”中寻找)；正在链接对象，如同没有调试信息一样
libbullet-2015.lib(btDbvtBroadphase.obj) : warning LNK4099: 未找到 PDB“libbullet.pdb”(使用“libbullet-2015.lib(btDbvtBroadphase.obj)”或在“D:\myProject\3D\cocos2d-x-3D\frameworks\runtime-src\proj.win32\Debug.win32\libbullet.pdb”中寻找)；正在链接对象，如同没有调试信息一样
libbullet-2015.lib(btDispatcher.obj) : warning LNK4099: 未找到 PDB“libbullet.pdb”(使用“libbullet-2015.lib(btDispatcher.obj)”或在“D:\myProject\3D\cocos2d-x-3D\frameworks\runtime-src\proj.win32\Debug.win32\libbullet.pdb”中寻找)；正在链接对象，如同没有调试信息一样
libbullet-2015.lib(btOverlappingPairCache.obj) : warning LNK4099: 未找到 PDB“libbullet.pdb”(使用“libbullet-2015.lib(btOverlappingPairCache.obj)”或在“D:\myProject\3D\cocos2d-x-3D\frameworks\runtime-src\proj.win32\Debug.win32\libbullet.pdb”中寻找)；正在链接对象，如同没有调试信息一样
libbullet-2015.lib(btQuantizedBvh.obj) : warning LNK4099: 未找到 PDB“libbullet.pdb”(使用“libbullet-2015.lib(btQuantizedBvh.obj)”或在“D:\myProject\3D\cocos2d-x-3D\frameworks\runtime-src\proj.win32\Debug.win32\libbullet.pdb”中寻找)；正在链接对象，如同没有调试信息一样
libbullet-2015.lib(btActivatingCollisionAlgorithm.obj) : warning LNK4099: 未找到 PDB“libbullet.pdb”(使用“libbullet-2015.lib(btActivatingCollisionAlgorithm.obj)”或在“D:\myProject\3D\cocos2d-x-3D\frameworks\runtime-src\proj.win32\Debug.win32\libbullet.pdb”中寻找)；正在链接对象，如同没有调试信息一样
libbullet-2015.lib(btBoxBoxCollisionAlgorithm.obj) : warning LNK4099: 未找到 PDB“libbullet.pdb”(使用“libbullet-2015.lib(btBoxBoxCollisionAlgorithm.obj)”或在“D:\myProject\3D\cocos2d-x-3D\frameworks\runtime-src\proj.win32\Debug.win32\libbullet.pdb”中寻找)；正在链接对象，如同没有调试信息一样
libbullet-2015.lib(btBoxBoxDetector.obj) : warning LNK4099: 未找到 PDB“libbullet.pdb”(使用“libbullet-2015.lib(btBoxBoxDetector.obj)”或在“D:\myProject\3D\cocos2d-x-3D\frameworks\runtime-src\proj.win32\Debug.win32\libbullet.pdb”中寻找)；正在链接对象，如同没有调试信息一样
libbullet-2015.lib(btCollisionDispatcher.obj) : warning LNK4099: 未找到 PDB“libbullet.pdb”(使用“libbullet-2015.lib(btCollisionDispatcher.obj)”或在“D:\myProject\3D\cocos2d-x-3D\frameworks\runtime-src\proj.win32\Debug.win32\libbullet.pdb”中寻找)；正在链接对象，如同没有调试信息一样
libbullet-2015.lib(btCollisionObject.obj) : warning LNK4099: 未找到 PDB“libbullet.pdb”(使用“libbullet-2015.lib(btCollisionObject.obj)”或在“D:\myProject\3D\cocos2d-x-3D\frameworks\runtime-src\proj.win32\Debug.win32\libbullet.pdb”中寻找)；正在链接对象，如同没有调试信息一样
libbullet-2015.lib(btCollisionWorld.obj) : warning LNK4099: 未找到 PDB“libbullet.pdb”(使用“libbullet-2015.lib(btCollisionWorld.obj)”或在“D:\myProject\3D\cocos2d-x-3D\frameworks\runtime-src\proj.win32\Debug.win32\libbullet.pdb”中寻找)；正在链接对象，如同没有调试信息一样
libbullet-2015.lib(btCompoundCollisionAlgorithm.obj) : warning LNK4099: 未找到 PDB“libbullet.pdb”(使用“libbullet-2015.lib(btCompoundCollisionAlgorithm.obj)”或在“D:\myProject\3D\cocos2d-x-3D\frameworks\runtime-src\proj.win32\Debug.win32\libbullet.pdb”中寻找)；正在链接对象，如同没有调试信息一样
libbullet-2015.lib(btCompoundCompoundCollisionAlgorithm.obj) : warning LNK4099: 未找到 PDB“libbullet.pdb”(使用“libbullet-2015.lib(btCompoundCompoundCollisionAlgorithm.obj)”或在“D:\myProject\3D\cocos2d-x-3D\frameworks\runtime-src\proj.win32\Debug.win32\libbullet.pdb”中寻找)；正在链接对象，如同没有调试信息一样
libbullet-2015.lib(btConvexConcaveCollisionAlgorithm.obj) : warning LNK4099: 未找到 PDB“libbullet.pdb”(使用“libbullet-2015.lib(btConvexConcaveCollisionAlgorithm.obj)”或在“D:\myProject\3D\cocos2d-x-3D\frameworks\runtime-src\proj.win32\Debug.win32\libbullet.pdb”中寻找)；正在链接对象，如同没有调试信息一样
libbullet-2015.lib(btConvexConvexAlgorithm.obj) : warning LNK4099: 未找到 PDB“libbullet.pdb”(使用“libbullet-2015.lib(btConvexConvexAlgorithm.obj)”或在“D:\myProject\3D\cocos2d-x-3D\frameworks\runtime-src\proj.win32\Debug.win32\libbullet.pdb”中寻找)；正在链接对象，如同没有调试信息一样
libbullet-2015.lib(btConvexPlaneCollisionAlgorithm.obj) : warning LNK4099: 未找到 PDB“libbullet.pdb”(使用“libbullet-2015.lib(btConvexPlaneCollisionAlgorithm.obj)”或在“D:\myProject\3D\cocos2d-x-3D\frameworks\runtime-src\proj.win32\Debug.win32\libbullet.pdb”中寻找)；正在链接对象，如同没有调试信息一样
libbullet-2015.lib(btDefaultCollisionConfiguration.obj) : warning LNK4099: 未找到 PDB“libbullet.pdb”(使用“libbullet-2015.lib(btDefaultCollisionConfiguration.obj)”或在“D:\myProject\3D\cocos2d-x-3D\frameworks\runtime-src\proj.win32\Debug.win32\libbullet.pdb”中寻找)；正在链接对象，如同没有调试信息一样
libbullet-2015.lib(btEmptyCollisionAlgorithm.obj) : warning LNK4099: 未找到 PDB“libbullet.pdb”(使用“libbullet-2015.lib(btEmptyCollisionAlgorithm.obj)”或在“D:\myProject\3D\cocos2d-x-3D\frameworks\runtime-src\proj.win32\Debug.win32\libbullet.pdb”中寻找)；正在链接对象，如同没有调试信息一样
libbullet-2015.lib(btGhostObject.obj) : warning LNK4099: 未找到 PDB“libbullet.pdb”(使用“libbullet-2015.lib(btGhostObject.obj)”或在“D:\myProject\3D\cocos2d-x-3D\frameworks\runtime-src\proj.win32\Debug.win32\libbullet.pdb”中寻找)；正在链接对象，如同没有调试信息一样
libbullet-2015.lib(btHashedSimplePairCache.obj) : warning LNK4099: 未找到 PDB“libbullet.pdb”(使用“libbullet-2015.lib(btHashedSimplePairCache.obj)”或在“D:\myProject\3D\cocos2d-x-3D\frameworks\runtime-src\proj.win32\Debug.win32\libbullet.pdb”中寻找)；正在链接对象，如同没有调试信息一样
libbullet-2015.lib(btManifoldResult.obj) : warning LNK4099: 未找到 PDB“libbullet.pdb”(使用“libbullet-2015.lib(btManifoldResult.obj)”或在“D:\myProject\3D\cocos2d-x-3D\frameworks\runtime-src\proj.win32\Debug.win32\libbullet.pdb”中寻找)；正在链接对象，如同没有调试信息一样
libbullet-2015.lib(btSimulationIslandManager.obj) : warning LNK4099: 未找到 PDB“libbullet.pdb”(使用“libbullet-2015.lib(btSimulationIslandManager.obj)”或在“D:\myProject\3D\cocos2d-x-3D\frameworks\runtime-src\proj.win32\Debug.win32\libbullet.pdb”中寻找)；正在链接对象，如同没有调试信息一样
libbullet-2015.lib(btSphereSphereCollisionAlgorithm.obj) : warning LNK4099: 未找到 PDB“libbullet.pdb”(使用“libbullet-2015.lib(btSphereSphereCollisionAlgorithm.obj)”或在“D:\myProject\3D\cocos2d-x-3D\frameworks\runtime-src\proj.win32\Debug.win32\libbullet.pdb”中寻找)；正在链接对象，如同没有调试信息一样
libbullet-2015.lib(btSphereTriangleCollisionAlgorithm.obj) : warning LNK4099: 未找到 PDB“libbullet.pdb”(使用“libbullet-2015.lib(btSphereTriangleCollisionAlgorithm.obj)”或在“D:\myProject\3D\cocos2d-x-3D\frameworks\runtime-src\proj.win32\Debug.win32\libbullet.pdb”中寻找)；正在链接对象，如同没有调试信息一样
libbullet-2015.lib(btUnionFind.obj) : warning LNK4099: 未找到 PDB“libbullet.pdb”(使用“libbullet-2015.lib(btUnionFind.obj)”或在“D:\myProject\3D\cocos2d-x-3D\frameworks\runtime-src\proj.win32\Debug.win32\libbullet.pdb”中寻找)；正在链接对象，如同没有调试信息一样
libbullet-2015.lib(SphereTriangleDetector.obj) : warning LNK4099: 未找到 PDB“libbullet.pdb”(使用“libbullet-2015.lib(SphereTriangleDetector.obj)”或在“D:\myProject\3D\cocos2d-x-3D\frameworks\runtime-src\proj.win32\Debug.win32\libbullet.pdb”中寻找)；正在链接对象，如同没有调试信息一样
libbullet-2015.lib(btBoxShape.obj) : warning LNK4099: 未找到 PDB“libbullet.pdb”(使用“libbullet-2015.lib(btBoxShape.obj)”或在“D:\myProject\3D\cocos2d-x-3D\frameworks\runtime-src\proj.win32\Debug.win32\libbullet.pdb”中寻找)；正在链接对象，如同没有调试信息一样
libbullet-2015.lib(btBvhTriangleMeshShape.obj) : warning LNK4099: 未找到 PDB“libbullet.pdb”(使用“libbullet-2015.lib(btBvhTriangleMeshShape.obj)”或在“D:\myProject\3D\cocos2d-x-3D\frameworks\runtime-src\proj.win32\Debug.win32\libbullet.pdb”中寻找)；正在链接对象，如同没有调试信息一样
libbullet-2015.lib(btCapsuleShape.obj) : warning LNK4099: 未找到 PDB“libbullet.pdb”(使用“libbullet-2015.lib(btCapsuleShape.obj)”或在“D:\myProject\3D\cocos2d-x-3D\frameworks\runtime-src\proj.win32\Debug.win32\libbullet.pdb”中寻找)；正在链接对象，如同没有调试信息一样
libbullet-2015.lib(btCollisionShape.obj) : warning LNK4099: 未找到 PDB“libbullet.pdb”(使用“libbullet-2015.lib(btCollisionShape.obj)”或在“D:\myProject\3D\cocos2d-x-3D\frameworks\runtime-src\proj.win32\Debug.win32\libbullet.pdb”中寻找)；正在链接对象，如同没有调试信息一样
libbullet-2015.lib(btCompoundShape.obj) : warning LNK4099: 未找到 PDB“libbullet.pdb”(使用“libbullet-2015.lib(btCompoundShape.obj)”或在“D:\myProject\3D\cocos2d-x-3D\frameworks\runtime-src\proj.win32\Debug.win32\libbullet.pdb”中寻找)；正在链接对象，如同没有调试信息一样
libbullet-2015.lib(btConcaveShape.obj) : warning LNK4099: 未找到 PDB“libbullet.pdb”(使用“libbullet-2015.lib(btConcaveShape.obj)”或在“D:\myProject\3D\cocos2d-x-3D\frameworks\runtime-src\proj.win32\Debug.win32\libbullet.pdb”中寻找)；正在链接对象，如同没有调试信息一样
libbullet-2015.lib(btConvexHullShape.obj) : warning LNK4099: 未找到 PDB“libbullet.pdb”(使用“libbullet-2015.lib(btConvexHullShape.obj)”或在“D:\myProject\3D\cocos2d-x-3D\frameworks\runtime-src\proj.win32\Debug.win32\libbullet.pdb”中寻找)；正在链接对象，如同没有调试信息一样
libbullet-2015.lib(btConvexInternalShape.obj) : warning LNK4099: 未找到 PDB“libbullet.pdb”(使用“libbullet-2015.lib(btConvexInternalShape.obj)”或在“D:\myProject\3D\cocos2d-x-3D\frameworks\runtime-src\proj.win32\Debug.win32\libbullet.pdb”中寻找)；正在链接对象，如同没有调试信息一样
libbullet-2015.lib(btConvexPolyhedron.obj) : warning LNK4099: 未找到 PDB“libbullet.pdb”(使用“libbullet-2015.lib(btConvexPolyhedron.obj)”或在“D:\myProject\3D\cocos2d-x-3D\frameworks\runtime-src\proj.win32\Debug.win32\libbullet.pdb”中寻找)；正在链接对象，如同没有调试信息一样
libbullet-2015.lib(btConvexShape.obj) : warning LNK4099: 未找到 PDB“libbullet.pdb”(使用“libbullet-2015.lib(btConvexShape.obj)”或在“D:\myProject\3D\cocos2d-x-3D\frameworks\runtime-src\proj.win32\Debug.win32\libbullet.pdb”中寻找)；正在链接对象，如同没有调试信息一样
libbullet-2015.lib(btCylinderShape.obj) : warning LNK4099: 未找到 PDB“libbullet.pdb”(使用“libbullet-2015.lib(btCylinderShape.obj)”或在“D:\myProject\3D\cocos2d-x-3D\frameworks\runtime-src\proj.win32\Debug.win32\libbullet.pdb”中寻找)；正在链接对象，如同没有调试信息一样
libbullet-2015.lib(btHeightfieldTerrainShape.obj) : warning LNK4099: 未找到 PDB“libbullet.pdb”(使用“libbullet-2015.lib(btHeightfieldTerrainShape.obj)”或在“D:\myProject\3D\cocos2d-x-3D\frameworks\runtime-src\proj.win32\Debug.win32\libbullet.pdb”中寻找)；正在链接对象，如同没有调试信息一样
libbullet-2015.lib(btOptimizedBvh.obj) : warning LNK4099: 未找到 PDB“libbullet.pdb”(使用“libbullet-2015.lib(btOptimizedBvh.obj)”或在“D:\myProject\3D\cocos2d-x-3D\frameworks\runtime-src\proj.win32\Debug.win32\libbullet.pdb”中寻找)；正在链接对象，如同没有调试信息一样
libbullet-2015.lib(btPolyhedralConvexShape.obj) : warning LNK4099: 未找到 PDB“libbullet.pdb”(使用“libbullet-2015.lib(btPolyhedralConvexShape.obj)”或在“D:\myProject\3D\cocos2d-x-3D\frameworks\runtime-src\proj.win32\Debug.win32\libbullet.pdb”中寻找)；正在链接对象，如同没有调试信息一样
libbullet-2015.lib(btSphereShape.obj) : warning LNK4099: 未找到 PDB“libbullet.pdb”(使用“libbullet-2015.lib(btSphereShape.obj)”或在“D:\myProject\3D\cocos2d-x-3D\frameworks\runtime-src\proj.win32\Debug.win32\libbullet.pdb”中寻找)；正在链接对象，如同没有调试信息一样
libbullet-2015.lib(btStridingMeshInterface.obj) : warning LNK4099: 未找到 PDB“libbullet.pdb”(使用“libbullet-2015.lib(btStridingMeshInterface.obj)”或在“D:\myProject\3D\cocos2d-x-3D\frameworks\runtime-src\proj.win32\Debug.win32\libbullet.pdb”中寻找)；正在链接对象，如同没有调试信息一样
libbullet-2015.lib(btTriangleCallback.obj) : warning LNK4099: 未找到 PDB“libbullet.pdb”(使用“libbullet-2015.lib(btTriangleCallback.obj)”或在“D:\myProject\3D\cocos2d-x-3D\frameworks\runtime-src\proj.win32\Debug.win32\libbullet.pdb”中寻找)；正在链接对象，如同没有调试信息一样
libbullet-2015.lib(btTriangleIndexVertexArray.obj) : warning LNK4099: 未找到 PDB“libbullet.pdb”(使用“libbullet-2015.lib(btTriangleIndexVertexArray.obj)”或在“D:\myProject\3D\cocos2d-x-3D\frameworks\runtime-src\proj.win32\Debug.win32\libbullet.pdb”中寻找)；正在链接对象，如同没有调试信息一样
libbullet-2015.lib(btTriangleMesh.obj) : warning LNK4099: 未找到 PDB“libbullet.pdb”(使用“libbullet-2015.lib(btTriangleMesh.obj)”或在“D:\myProject\3D\cocos2d-x-3D\frameworks\runtime-src\proj.win32\Debug.win32\libbullet.pdb”中寻找)；正在链接对象，如同没有调试信息一样
libbullet-2015.lib(btTriangleMeshShape.obj) : warning LNK4099: 未找到 PDB“libbullet.pdb”(使用“libbullet-2015.lib(btTriangleMeshShape.obj)”或在“D:\myProject\3D\cocos2d-x-3D\frameworks\runtime-src\proj.win32\Debug.win32\libbullet.pdb”中寻找)；正在链接对象，如同没有调试信息一样
libbullet-2015.lib(btContinuousConvexCollision.obj) : warning LNK4099: 未找到 PDB“libbullet.pdb”(使用“libbullet-2015.lib(btContinuousConvexCollision.obj)”或在“D:\myProject\3D\cocos2d-x-3D\frameworks\runtime-src\proj.win32\Debug.win32\libbullet.pdb”中寻找)；正在链接对象，如同没有调试信息一样
libbullet-2015.lib(btConvexCast.obj) : warning LNK4099: 未找到 PDB“libbullet.pdb”(使用“libbullet-2015.lib(btConvexCast.obj)”或在“D:\myProject\3D\cocos2d-x-3D\frameworks\runtime-src\proj.win32\Debug.win32\libbullet.pdb”中寻找)；正在链接对象，如同没有调试信息一样
libbullet-2015.lib(btGjkConvexCast.obj) : warning LNK4099: 未找到 PDB“libbullet.pdb”(使用“libbullet-2015.lib(btGjkConvexCast.obj)”或在“D:\myProject\3D\cocos2d-x-3D\frameworks\runtime-src\proj.win32\Debug.win32\libbullet.pdb”中寻找)；正在链接对象，如同没有调试信息一样
libbullet-2015.lib(btGjkEpa2.obj) : warning LNK4099: 未找到 PDB“libbullet.pdb”(使用“libbullet-2015.lib(btGjkEpa2.obj)”或在“D:\myProject\3D\cocos2d-x-3D\frameworks\runtime-src\proj.win32\Debug.win32\libbullet.pdb”中寻找)；正在链接对象，如同没有调试信息一样
libbullet-2015.lib(btGjkEpaPenetrationDepthSolver.obj) : warning LNK4099: 未找到 PDB“libbullet.pdb”(使用“libbullet-2015.lib(btGjkEpaPenetrationDepthSolver.obj)”或在“D:\myProject\3D\cocos2d-x-3D\frameworks\runtime-src\proj.win32\Debug.win32\libbullet.pdb”中寻找)；正在链接对象，如同没有调试信息一样
libbullet-2015.lib(btGjkPairDetector.obj) : warning LNK4099: 未找到 PDB“libbullet.pdb”(使用“libbullet-2015.lib(btGjkPairDetector.obj)”或在“D:\myProject\3D\cocos2d-x-3D\frameworks\runtime-src\proj.win32\Debug.win32\libbullet.pdb”中寻找)；正在链接对象，如同没有调试信息一样
libbullet-2015.lib(btMinkowskiPenetrationDepthSolver.obj) : warning LNK4099: 未找到 PDB“libbullet.pdb”(使用“libbullet-2015.lib(btMinkowskiPenetrationDepthSolver.obj)”或在“D:\myProject\3D\cocos2d-x-3D\frameworks\runtime-src\proj.win32\Debug.win32\libbullet.pdb”中寻找)；正在链接对象，如同没有调试信息一样
libbullet-2015.lib(btPersistentManifold.obj) : warning LNK4099: 未找到 PDB“libbullet.pdb”(使用“libbullet-2015.lib(btPersistentManifold.obj)”或在“D:\myProject\3D\cocos2d-x-3D\frameworks\runtime-src\proj.win32\Debug.win32\libbullet.pdb”中寻找)；正在链接对象，如同没有调试信息一样
libbullet-2015.lib(btPolyhedralContactClipping.obj) : warning LNK4099: 未找到 PDB“libbullet.pdb”(使用“libbullet-2015.lib(btPolyhedralContactClipping.obj)”或在“D:\myProject\3D\cocos2d-x-3D\frameworks\runtime-src\proj.win32\Debug.win32\libbullet.pdb”中寻找)；正在链接对象，如同没有调试信息一样
libbullet-2015.lib(btRaycastCallback.obj) : warning LNK4099: 未找到 PDB“libbullet.pdb”(使用“libbullet-2015.lib(btRaycastCallback.obj)”或在“D:\myProject\3D\cocos2d-x-3D\frameworks\runtime-src\proj.win32\Debug.win32\libbullet.pdb”中寻找)；正在链接对象，如同没有调试信息一样
libbullet-2015.lib(btSubSimplexConvexCast.obj) : warning LNK4099: 未找到 PDB“libbullet.pdb”(使用“libbullet-2015.lib(btSubSimplexConvexCast.obj)”或在“D:\myProject\3D\cocos2d-x-3D\frameworks\runtime-src\proj.win32\Debug.win32\libbullet.pdb”中寻找)；正在链接对象，如同没有调试信息一样
libbullet-2015.lib(btVoronoiSimplexSolver.obj) : warning LNK4099: 未找到 PDB“libbullet.pdb”(使用“libbullet-2015.lib(btVoronoiSimplexSolver.obj)”或在“D:\myProject\3D\cocos2d-x-3D\frameworks\runtime-src\proj.win32\Debug.win32\libbullet.pdb”中寻找)；正在链接对象，如同没有调试信息一样
libbullet-2015.lib(btConeTwistConstraint.obj) : warning LNK4099: 未找到 PDB“libbullet.pdb”(使用“libbullet-2015.lib(btConeTwistConstraint.obj)”或在“D:\myProject\3D\cocos2d-x-3D\frameworks\runtime-src\proj.win32\Debug.win32\libbullet.pdb”中寻找)；正在链接对象，如同没有调试信息一样
libbullet-2015.lib(btGeneric6DofConstraint.obj) : warning LNK4099: 未找到 PDB“libbullet.pdb”(使用“libbullet-2015.lib(btGeneric6DofConstraint.obj)”或在“D:\myProject\3D\cocos2d-x-3D\frameworks\runtime-src\proj.win32\Debug.win32\libbullet.pdb”中寻找)；正在链接对象，如同没有调试信息一样
libbullet-2015.lib(btHingeConstraint.obj) : warning LNK4099: 未找到 PDB“libbullet.pdb”(使用“libbullet-2015.lib(btHingeConstraint.obj)”或在“D:\myProject\3D\cocos2d-x-3D\frameworks\runtime-src\proj.win32\Debug.win32\libbullet.pdb”中寻找)；正在链接对象，如同没有调试信息一样
libbullet-2015.lib(btPoint2PointConstraint.obj) : warning LNK4099: 未找到 PDB“libbullet.pdb”(使用“libbullet-2015.lib(btPoint2PointConstraint.obj)”或在“D:\myProject\3D\cocos2d-x-3D\frameworks\runtime-src\proj.win32\Debug.win32\libbullet.pdb”中寻找)；正在链接对象，如同没有调试信息一样
libbullet-2015.lib(btSequentialImpulseConstraintSolver.obj) : warning LNK4099: 未找到 PDB“libbullet.pdb”(使用“libbullet-2015.lib(btSequentialImpulseConstraintSolver.obj)”或在“D:\myProject\3D\cocos2d-x-3D\frameworks\runtime-src\proj.win32\Debug.win32\libbullet.pdb”中寻找)；正在链接对象，如同没有调试信息一样
libbullet-2015.lib(btSliderConstraint.obj) : warning LNK4099: 未找到 PDB“libbullet.pdb”(使用“libbullet-2015.lib(btSliderConstraint.obj)”或在“D:\myProject\3D\cocos2d-x-3D\frameworks\runtime-src\proj.win32\Debug.win32\libbullet.pdb”中寻找)；正在链接对象，如同没有调试信息一样
libbullet-2015.lib(btTypedConstraint.obj) : warning LNK4099: 未找到 PDB“libbullet.pdb”(使用“libbullet-2015.lib(btTypedConstraint.obj)”或在“D:\myProject\3D\cocos2d-x-3D\frameworks\runtime-src\proj.win32\Debug.win32\libbullet.pdb”中寻找)；正在链接对象，如同没有调试信息一样
libbullet-2015.lib(btDiscreteDynamicsWorld.obj) : warning LNK4099: 未找到 PDB“libbullet.pdb”(使用“libbullet-2015.lib(btDiscreteDynamicsWorld.obj)”或在“D:\myProject\3D\cocos2d-x-3D\frameworks\runtime-src\proj.win32\Debug.win32\libbullet.pdb”中寻找)；正在链接对象，如同没有调试信息一样
libbullet-2015.lib(btRigidBody.obj) : warning LNK4099: 未找到 PDB“libbullet.pdb”(使用“libbullet-2015.lib(btRigidBody.obj)”或在“D:\myProject\3D\cocos2d-x-3D\frameworks\runtime-src\proj.win32\Debug.win32\libbullet.pdb”中寻找)；正在链接对象，如同没有调试信息一样
libbullet-2015.lib(btAlignedAllocator.obj) : warning LNK4099: 未找到 PDB“libbullet.pdb”(使用“libbullet-2015.lib(btAlignedAllocator.obj)”或在“D:\myProject\3D\cocos2d-x-3D\frameworks\runtime-src\proj.win32\Debug.win32\libbullet.pdb”中寻找)；正在链接对象，如同没有调试信息一样
libbullet-2015.lib(btConvexHullComputer.obj) : warning LNK4099: 未找到 PDB“libbullet.pdb”(使用“libbullet-2015.lib(btConvexHullComputer.obj)”或在“D:\myProject\3D\cocos2d-x-3D\frameworks\runtime-src\proj.win32\Debug.win32\libbullet.pdb”中寻找)；正在链接对象，如同没有调试信息一样
libbullet-2015.lib(btGeometryUtil.obj) : warning LNK4099: 未找到 PDB“libbullet.pdb”(使用“libbullet-2015.lib(btGeometryUtil.obj)”或在“D:\myProject\3D\cocos2d-x-3D\frameworks\runtime-src\proj.win32\Debug.win32\libbullet.pdb”中寻找)；正在链接对象，如同没有调试信息一样
libbullet-2015.lib(btQuickprof.obj) : warning LNK4099: 未找到 PDB“libbullet.pdb”(使用“libbullet-2015.lib(btQuickprof.obj)”或在“D:\myProject\3D\cocos2d-x-3D\frameworks\runtime-src\proj.win32\Debug.win32\libbullet.pdb”中寻找)；正在链接对象，如同没有调试信息一样
libbullet-2015.lib(btVector3.obj) : warning LNK4099: 未找到 PDB“libbullet.pdb”(使用“libbullet-2015.lib(btVector3.obj)”或在“D:\myProject\3D\cocos2d-x-3D\frameworks\runtime-src\proj.win32\Debug.win32\libbullet.pdb”中寻找)；正在链接对象，如同没有调试信息一样
  libcocos2d.vcxproj -> D:\myProject\3D\cocos2d-x-3D\frameworks\runtime-src\proj.win32\Debug.win32\libcocos2d.dll
  libcocos2d.vcxproj -> D:\myProject\3D\cocos2d-x-3D\frameworks\runtime-src\proj.win32\Debug.win32\libcocos2d.pdb (Full PDB)
